Using pre-set license
Built from '2020.3/release' branch; Version is '2020.3.2f1 (8fd9074bf66c) revision 9427207'; Using compiler version '192528614'; Build Type 'Release'
OS: 'Windows 10 Pro; OS build 19042.928; Version 2009; 64bit' Language: 'en' Physical Memory: 16301 MB
BatchMode: 1, IsHumanControllingUs: 0, StartBugReporterOnCrash: 0, Is64bit: 1, IsPro: 0

 COMMAND LINE ARGUMENTS:
C:\Program Files\Unity\Hub\Editor\2020.3.2f1\Editor\Unity.exe
-adb2
-batchMode
-noUpm
-name
AssetImportWorker0
-projectPath
D:/Final_Project/Knight2DPlatform/Knight2DPlatform
-logFile
Logs/AssetImportWorker0.log
-srvPort
64018
Successfully changed project path to: D:/Final_Project/Knight2DPlatform/Knight2DPlatform
D:/Final_Project/Knight2DPlatform/Knight2DPlatform
Using Asset Import Pipeline V2.
Refreshing native plugins compatible for Editor in 46.63 ms, found 1 plugins.
Preloading 0 native plugins for Editor in 0.00 ms.
Initialize engine version: 2020.3.2f1 (8fd9074bf66c)
[Subsystems] Discovering subsystems at path C:/Program Files/Unity/Hub/Editor/2020.3.2f1/Editor/Data/Resources/UnitySubsystems
[Subsystems] Discovering subsystems at path D:/Final_Project/Knight2DPlatform/Knight2DPlatform/Assets
GfxDevice: creating device client; threaded=0
Direct3D:
    Version:  Direct3D 11.0 [level 11.1]
    Renderer: NVIDIA GeForce GTX 1050 (ID=0x1c8d)
    Vendor:   
    VRAM:     1979 MB
    Driver:   24.21.13.9901
Initialize mono
Mono path[0] = 'C:/Program Files/Unity/Hub/Editor/2020.3.2f1/Editor/Data/Managed'
Mono path[1] = 'C:/Program Files/Unity/Hub/Editor/2020.3.2f1/Editor/Data/MonoBleedingEdge/lib/mono/unityjit'
Mono config path = 'C:/Program Files/Unity/Hub/Editor/2020.3.2f1/Editor/Data/MonoBleedingEdge/etc'
Using monoOptions --debugger-agent=transport=dt_socket,embedding=1,server=y,suspend=n,address=127.0.0.1:56496
Begin MonoManager ReloadAssembly
Registering precompiled unity dll's ...
Register platform support module: C:/Program Files/Unity/Hub/Editor/2020.3.2f1/Editor/Data/PlaybackEngines/WindowsStandaloneSupport/UnityEditor.WindowsStandalone.Extensions.dll
Registered in 0.002359 seconds.
Native extension for WindowsStandalone target not found
Refreshing native plugins compatible for Editor in 50.81 ms, found 1 plugins.
Preloading 0 native plugins for Editor in 0.00 ms.
Invoked RoslynAnalysisRunner static constructor.
RoslynAnalysisRunner will not be running.
RoslynAnalysisRunner has terminated.
Mono: successfully reloaded assembly
- Completed reload, in  2.071 seconds
Platform modules already initialized, skipping
Registering precompiled user dll's ...
Registered in 0.001008 seconds.
Begin MonoManager ReloadAssembly
Native extension for WindowsStandalone target not found
Refreshing native plugins compatible for Editor in 49.30 ms, found 1 plugins.
Preloading 0 native plugins for Editor in 0.00 ms.
Invoked RoslynAnalysisRunner static constructor.
RoslynAnalysisRunner will not be running.
RoslynAnalysisRunner has terminated.
Mono: successfully reloaded assembly
- Completed reload, in  1.091 seconds
Platform modules already initialized, skipping
========================================================================
Worker process is ready to serve import requests
Launched and connected shader compiler UnityShaderCompiler.exe after 0.08 seconds
Refreshing native plugins compatible for Editor in 0.87 ms, found 1 plugins.
Preloading 0 native plugins for Editor in 0.00 ms.
Unloading 1894 Unused Serialized files (Serialized files now loaded: 0)
System memory in use before: 87.4 MB.
System memory in use after: 87.5 MB.

Unloading 19 unused Assets to reduce memory usage. Loaded Objects now: 2344.
Total: 2.380400 ms (FindLiveObjects: 0.198000 ms CreateObjectMapping: 0.086700 ms MarkObjects: 2.029600 ms  DeleteObjects: 0.064900 ms)

========================================================================
Received Import Request.
  path: Assets/Prefabs/Camera/Main Camera.prefab
  artifactKey: Guid(30fca9bb0cffc3b4c966ce9ba80a1930) Importer(815301076,1909f56bfc062723c751e8b465ee728b)
Start importing Assets/Prefabs/Camera/Main Camera.prefab using Guid(30fca9bb0cffc3b4c966ce9ba80a1930) Importer(815301076,1909f56bfc062723c751e8b465ee728b)  -> (artifact id: 'fd6a0b700df068e4c0db9e5ab7234ee2') in 0.185603 seconds
  Import took 0.189927 seconds .

========================================================================
Received Import Request.
  Time since last request: 0.285610 seconds.
  path: Assets/Prefabs/Canvas.prefab
  artifactKey: Guid(bdba5174f3ed74c4e80f74d242ae21cb) Importer(815301076,1909f56bfc062723c751e8b465ee728b)
Start importing Assets/Prefabs/Canvas.prefab using Guid(bdba5174f3ed74c4e80f74d242ae21cb) Importer(815301076,1909f56bfc062723c751e8b465ee728b)  -> (artifact id: 'ab540bdad282619a9b5d8a32fbba30da') in 0.060161 seconds
  Import took 0.064574 seconds .

========================================================================
Received Import Request.
  Time since last request: 45.138151 seconds.
  path: Assets/Prefabs/GameManager.prefab
  artifactKey: Guid(908882ba3e6dcb2419957f6835865583) Importer(815301076,1909f56bfc062723c751e8b465ee728b)
Start importing Assets/Prefabs/GameManager.prefab using Guid(908882ba3e6dcb2419957f6835865583) Importer(815301076,1909f56bfc062723c751e8b465ee728b)  -> (artifact id: 'd5243e8cdb244f1cf27581dbbc060aa8') in 0.075408 seconds
  Import took 0.080307 seconds .

========================================================================
Received Import Request.
  Time since last request: 11.842374 seconds.
  path: Assets/Prefabs/PoolBase.prefab
  artifactKey: Guid(50c6469babcbb024983d8d6f95fcad1a) Importer(815301076,1909f56bfc062723c751e8b465ee728b)
Start importing Assets/Prefabs/PoolBase.prefab using Guid(50c6469babcbb024983d8d6f95fcad1a) Importer(815301076,1909f56bfc062723c751e8b465ee728b)  -> (artifact id: 'e46455339cac5affb40537a25552340d') in 0.009506 seconds
  Import took 0.014189 seconds .

========================================================================
Received Import Request.
  Time since last request: 1.793058 seconds.
  path: Assets/Prefabs/Sounds.prefab
  artifactKey: Guid(c4bf5f65a9b0c3047a9018c3cdd78e34) Importer(815301076,1909f56bfc062723c751e8b465ee728b)
Start importing Assets/Prefabs/Sounds.prefab using Guid(c4bf5f65a9b0c3047a9018c3cdd78e34) Importer(815301076,1909f56bfc062723c751e8b465ee728b)  -> (artifact id: '60846eb27e64605969b0e9383159b982') in 0.009926 seconds
  Import took 0.014096 seconds .

========================================================================
Received Import Request.
  Time since last request: 0.002237 seconds.
  path: Assets/Prefabs/Sounds.prefab
  artifactKey: Guid(c4bf5f65a9b0c3047a9018c3cdd78e34) Importer(815301076,1909f56bfc062723c751e8b465ee728b)
Start importing Assets/Prefabs/Sounds.prefab using Guid(c4bf5f65a9b0c3047a9018c3cdd78e34) Importer(815301076,1909f56bfc062723c751e8b465ee728b)  -> (artifact id: '60846eb27e64605969b0e9383159b982') in 0.004098 seconds
  Import took 0.007917 seconds .

AssetImportWorkerClient::OnTransportError - code=2 error=End of file
